{"C:\\Users\\user\\Desktop\\api\\t1-backend-web-api-kitarp07\\main.js": {"path":"C:\\Users\\user\\Desktop\\api\\t1-backend-web-api-kitarp07\\main.js","statementMap":{"0":{"start":{"line":1,"column":0},"end":{"line":1,"column":27}},"1":{"start":{"line":2,"column":16},"end":{"line":2,"column":34}},"2":{"start":{"line":3,"column":13},"end":{"line":3,"column":28}},"3":{"start":{"line":4,"column":17},"end":{"line":4,"column":36}},"4":{"start":{"line":5,"column":13},"end":{"line":5,"column":28}},"5":{"start":{"line":6,"column":19},"end":{"line":6,"column":49}},"6":{"start":{"line":7,"column":22},"end":{"line":7,"column":55}},"7":{"start":{"line":8,"column":19},"end":{"line":8,"column":49}},"8":{"start":{"line":9,"column":13},"end":{"line":9,"column":28}},"9":{"start":{"line":15,"column":12},"end":{"line":15,"column":21}},"10":{"start":{"line":16,"column":0},"end":{"line":16,"column":15}},"11":{"start":{"line":17,"column":13},"end":{"line":17,"column":17}},"12":{"start":{"line":25,"column":11},"end":{"line":29,"column":2}},"13":{"start":{"line":32,"column":14},"end":{"line":32,"column":16}},"14":{"start":{"line":34,"column":12},"end":{"line":34,"column":14}},"15":{"start":{"line":36,"column":15},"end":{"line":38,"column":24}},"16":{"start":{"line":41,"column":22},"end":{"line":44,"column":1}},"17":{"start":{"line":42,"column":4},"end":{"line":43,"column":40}},"18":{"start":{"line":42,"column":26},"end":{"line":42,"column":48}},"19":{"start":{"line":46,"column":19},"end":{"line":49,"column":1}},"20":{"start":{"line":47,"column":4},"end":{"line":47,"column":62}},"21":{"start":{"line":47,"column":35},"end":{"line":47,"column":61}},"22":{"start":{"line":51,"column":16},"end":{"line":54,"column":1}},"23":{"start":{"line":53,"column":4},"end":{"line":53,"column":53}},"24":{"start":{"line":53,"column":30},"end":{"line":53,"column":52}},"25":{"start":{"line":57,"column":0},"end":{"line":106,"column":2}},"26":{"start":{"line":61,"column":4},"end":{"line":66,"column":6}},"27":{"start":{"line":62,"column":8},"end":{"line":62,"column":23}},"28":{"start":{"line":63,"column":8},"end":{"line":63,"column":29}},"29":{"start":{"line":83,"column":4},"end":{"line":88,"column":7}},"30":{"start":{"line":84,"column":8},"end":{"line":84,"column":41}},"31":{"start":{"line":85,"column":8},"end":{"line":85,"column":35}},"32":{"start":{"line":92,"column":4},"end":{"line":99,"column":7}},"33":{"start":{"line":93,"column":21},"end":{"line":93,"column":40}},"34":{"start":{"line":94,"column":8},"end":{"line":97,"column":11}},"35":{"start":{"line":101,"column":4},"end":{"line":105,"column":6}},"36":{"start":{"line":102,"column":8},"end":{"line":102,"column":26}},"37":{"start":{"line":103,"column":8},"end":{"line":103,"column":30}},"38":{"start":{"line":104,"column":8},"end":{"line":104,"column":35}},"39":{"start":{"line":117,"column":0},"end":{"line":124,"column":39}},"40":{"start":{"line":119,"column":8},"end":{"line":119,"column":32}},"41":{"start":{"line":120,"column":8},"end":{"line":122,"column":10}},"42":{"start":{"line":121,"column":12},"end":{"line":121,"column":52}},"43":{"start":{"line":124,"column":22},"end":{"line":124,"column":38}},"44":{"start":{"line":128,"column":0},"end":{"line":131,"column":2}},"45":{"start":{"line":135,"column":0},"end":{"line":135,"column":23}},"46":{"start":{"line":136,"column":0},"end":{"line":136,"column":28}},"47":{"start":{"line":137,"column":0},"end":{"line":137,"column":28}},"48":{"start":{"line":138,"column":0},"end":{"line":138,"column":34}},"49":{"start":{"line":141,"column":0},"end":{"line":145,"column":2}},"50":{"start":{"line":142,"column":4},"end":{"line":142,"column":26}},"51":{"start":{"line":143,"column":4},"end":{"line":143,"column":46}},"52":{"start":{"line":143,"column":31},"end":{"line":143,"column":46}},"53":{"start":{"line":144,"column":4},"end":{"line":144,"column":36}},"54":{"start":{"line":147,"column":0},"end":{"line":147,"column":21}}},"fnMap":{"0":{"name":"(anonymous_0)","decl":{"start":{"line":41,"column":22},"end":{"line":41,"column":23}},"loc":{"start":{"line":41,"column":44},"end":{"line":44,"column":1}},"line":41},"1":{"name":"(anonymous_1)","decl":{"start":{"line":42,"column":16},"end":{"line":42,"column":17}},"loc":{"start":{"line":42,"column":26},"end":{"line":42,"column":48}},"line":42},"2":{"name":"(anonymous_2)","decl":{"start":{"line":46,"column":19},"end":{"line":46,"column":20}},"loc":{"start":{"line":46,"column":33},"end":{"line":49,"column":1}},"line":46},"3":{"name":"(anonymous_3)","decl":{"start":{"line":47,"column":25},"end":{"line":47,"column":26}},"loc":{"start":{"line":47,"column":35},"end":{"line":47,"column":61}},"line":47},"4":{"name":"(anonymous_4)","decl":{"start":{"line":51,"column":16},"end":{"line":51,"column":17}},"loc":{"start":{"line":51,"column":28},"end":{"line":54,"column":1}},"line":51},"5":{"name":"(anonymous_5)","decl":{"start":{"line":53,"column":22},"end":{"line":53,"column":23}},"loc":{"start":{"line":53,"column":30},"end":{"line":53,"column":52}},"line":53},"6":{"name":"(anonymous_6)","decl":{"start":{"line":57,"column":20},"end":{"line":57,"column":21}},"loc":{"start":{"line":57,"column":32},"end":{"line":106,"column":1}},"line":57},"7":{"name":"(anonymous_7)","decl":{"start":{"line":61,"column":24},"end":{"line":61,"column":25}},"loc":{"start":{"line":61,"column":32},"end":{"line":66,"column":5}},"line":61},"8":{"name":"(anonymous_8)","decl":{"start":{"line":83,"column":25},"end":{"line":83,"column":26}},"loc":{"start":{"line":83,"column":35},"end":{"line":88,"column":5}},"line":83},"9":{"name":"(anonymous_9)","decl":{"start":{"line":92,"column":25},"end":{"line":92,"column":26}},"loc":{"start":{"line":92,"column":64},"end":{"line":99,"column":5}},"line":92},"10":{"name":"(anonymous_10)","decl":{"start":{"line":101,"column":28},"end":{"line":101,"column":29}},"loc":{"start":{"line":101,"column":34},"end":{"line":105,"column":5}},"line":101},"11":{"name":"(anonymous_11)","decl":{"start":{"line":118,"column":10},"end":{"line":118,"column":11}},"loc":{"start":{"line":118,"column":16},"end":{"line":124,"column":5}},"line":118},"12":{"name":"(anonymous_12)","decl":{"start":{"line":120,"column":25},"end":{"line":120,"column":26}},"loc":{"start":{"line":120,"column":31},"end":{"line":122,"column":9}},"line":120},"13":{"name":"(anonymous_13)","decl":{"start":{"line":124,"column":13},"end":{"line":124,"column":14}},"loc":{"start":{"line":124,"column":22},"end":{"line":124,"column":38}},"line":124},"14":{"name":"(anonymous_14)","decl":{"start":{"line":141,"column":8},"end":{"line":141,"column":9}},"loc":{"start":{"line":141,"column":33},"end":{"line":145,"column":1}},"line":141}},"branchMap":{"0":{"loc":{"start":{"line":36,"column":15},"end":{"line":38,"column":24}},"type":"cond-expr","locations":[{"start":{"line":37,"column":6},"end":{"line":37,"column":29}},{"start":{"line":38,"column":6},"end":{"line":38,"column":24}}],"line":36},"1":{"loc":{"start":{"line":42,"column":4},"end":{"line":43,"column":40}},"type":"binary-expr","locations":[{"start":{"line":42,"column":4},"end":{"line":42,"column":49}},{"start":{"line":43,"column":8},"end":{"line":43,"column":40}}],"line":42},"2":{"loc":{"start":{"line":143,"column":4},"end":{"line":143,"column":46}},"type":"if","locations":[{"start":{"line":143,"column":4},"end":{"line":143,"column":46}},{"start":{},"end":{}}],"line":143}},"s":{"0":1,"1":1,"2":1,"3":1,"4":1,"5":1,"6":1,"7":1,"8":1,"9":1,"10":1,"11":1,"12":1,"13":1,"14":1,"15":1,"16":1,"17":0,"18":0,"19":1,"20":0,"21":0,"22":1,"23":0,"24":0,"25":1,"26":0,"27":0,"28":0,"29":0,"30":0,"31":0,"32":0,"33":0,"34":0,"35":0,"36":0,"37":0,"38":0,"39":1,"40":1,"41":1,"42":1,"43":0,"44":1,"45":1,"46":1,"47":1,"48":1,"49":1,"50":0,"51":0,"52":0,"53":0,"54":1},"f":{"0":0,"1":0,"2":0,"3":0,"4":0,"5":0,"6":0,"7":0,"8":0,"9":0,"10":0,"11":1,"12":1,"13":0,"14":0},"b":{"0":[1,0],"1":[0,0],"2":[0,0]},"_coverageSchema":"1a1c01bbd47fc00a2c39e90264f33305004495a9","hash":"794afca90e671bd709da906f25685ab0f755a93b"}
,"C:\\Users\\user\\Desktop\\api\\t1-backend-web-api-kitarp07\\controller\\chatController.js": {"path":"C:\\Users\\user\\Desktop\\api\\t1-backend-web-api-kitarp07\\controller\\chatController.js","statementMap":{"0":{"start":{"line":1,"column":13},"end":{"line":1,"column":37}},"1":{"start":{"line":2,"column":16},"end":{"line":2,"column":43}},"2":{"start":{"line":3,"column":26},"end":{"line":3,"column":68}},"3":{"start":{"line":5,"column":19},"end":{"line":22,"column":1}},"4":{"start":{"line":6,"column":4},"end":{"line":20,"column":10}},"5":{"start":{"line":8,"column":12},"end":{"line":12,"column":15}},"6":{"start":{"line":15,"column":16},"end":{"line":18,"column":19}},"7":{"start":{"line":24,"column":24},"end":{"line":57,"column":1}},"8":{"start":{"line":27,"column":4},"end":{"line":55,"column":5}},"9":{"start":{"line":30,"column":29},"end":{"line":30,"column":88}},"10":{"start":{"line":49,"column":8},"end":{"line":49,"column":43}},"11":{"start":{"line":51,"column":8},"end":{"line":54,"column":11}},"12":{"start":{"line":59,"column":23},"end":{"line":88,"column":1}},"13":{"start":{"line":61,"column":4},"end":{"line":86,"column":5}},"14":{"start":{"line":64,"column":29},"end":{"line":64,"column":106}},"15":{"start":{"line":65,"column":8},"end":{"line":65,"column":33}},"16":{"start":{"line":66,"column":8},"end":{"line":77,"column":9}},"17":{"start":{"line":67,"column":12},"end":{"line":70,"column":15}},"18":{"start":{"line":75,"column":12},"end":{"line":75,"column":57}},"19":{"start":{"line":82,"column":8},"end":{"line":85,"column":11}},"20":{"start":{"line":90,"column":25},"end":{"line":105,"column":1}},"21":{"start":{"line":92,"column":4},"end":{"line":103,"column":5}},"22":{"start":{"line":94,"column":29},"end":{"line":94,"column":88}},"23":{"start":{"line":96,"column":8},"end":{"line":96,"column":53}},"24":{"start":{"line":99,"column":8},"end":{"line":102,"column":11}},"25":{"start":{"line":107,"column":16},"end":{"line":123,"column":1}},"26":{"start":{"line":108,"column":4},"end":{"line":122,"column":5}},"27":{"start":{"line":110,"column":21},"end":{"line":112,"column":10}},"28":{"start":{"line":113,"column":8},"end":{"line":116,"column":9}},"29":{"start":{"line":115,"column":12},"end":{"line":115,"column":38}},"30":{"start":{"line":120,"column":8},"end":{"line":120,"column":18}},"31":{"start":{"line":125,"column":17},"end":{"line":164,"column":1}},"32":{"start":{"line":126,"column":4},"end":{"line":161,"column":5}},"33":{"start":{"line":128,"column":12},"end":{"line":128,"column":42}},"34":{"start":{"line":129,"column":12},"end":{"line":129,"column":44}},"35":{"start":{"line":130,"column":12},"end":{"line":130,"column":29}},"36":{"start":{"line":131,"column":12},"end":{"line":159,"column":13}},"37":{"start":{"line":132,"column":26},"end":{"line":132,"column":58}},"38":{"start":{"line":133,"column":16},"end":{"line":133,"column":31}},"39":{"start":{"line":134,"column":16},"end":{"line":134,"column":32}},"40":{"start":{"line":137,"column":16},"end":{"line":158,"column":17}},"41":{"start":{"line":146,"column":20},"end":{"line":151,"column":22}},"42":{"start":{"line":149,"column":24},"end":{"line":149,"column":47}},"43":{"start":{"line":156,"column":20},"end":{"line":156,"column":30}},"44":{"start":{"line":167,"column":19},"end":{"line":174,"column":1}},"45":{"start":{"line":168,"column":4},"end":{"line":172,"column":22}},"46":{"start":{"line":171,"column":12},"end":{"line":171,"column":38}},"47":{"start":{"line":188,"column":20},"end":{"line":206,"column":1}},"48":{"start":{"line":189,"column":4},"end":{"line":204,"column":10}},"49":{"start":{"line":191,"column":12},"end":{"line":195,"column":15}},"50":{"start":{"line":196,"column":12},"end":{"line":196,"column":30}},"51":{"start":{"line":199,"column":16},"end":{"line":202,"column":19}},"52":{"start":{"line":210,"column":0},"end":{"line":218,"column":1}}},"fnMap":{"0":{"name":"(anonymous_0)","decl":{"start":{"line":5,"column":19},"end":{"line":5,"column":20}},"loc":{"start":{"line":5,"column":39},"end":{"line":22,"column":1}},"line":5},"1":{"name":"(anonymous_1)","decl":{"start":{"line":7,"column":8},"end":{"line":7,"column":9}},"loc":{"start":{"line":7,"column":18},"end":{"line":13,"column":9}},"line":7},"2":{"name":"(anonymous_2)","decl":{"start":{"line":14,"column":12},"end":{"line":14,"column":13}},"loc":{"start":{"line":14,"column":21},"end":{"line":19,"column":13}},"line":14},"3":{"name":"(anonymous_3)","decl":{"start":{"line":24,"column":24},"end":{"line":24,"column":25}},"loc":{"start":{"line":24,"column":50},"end":{"line":57,"column":1}},"line":24},"4":{"name":"(anonymous_4)","decl":{"start":{"line":59,"column":23},"end":{"line":59,"column":24}},"loc":{"start":{"line":59,"column":49},"end":{"line":88,"column":1}},"line":59},"5":{"name":"(anonymous_5)","decl":{"start":{"line":90,"column":25},"end":{"line":90,"column":26}},"loc":{"start":{"line":90,"column":51},"end":{"line":105,"column":1}},"line":90},"6":{"name":"(anonymous_6)","decl":{"start":{"line":107,"column":16},"end":{"line":107,"column":17}},"loc":{"start":{"line":107,"column":42},"end":{"line":123,"column":1}},"line":107},"7":{"name":"(anonymous_7)","decl":{"start":{"line":125,"column":17},"end":{"line":125,"column":18}},"loc":{"start":{"line":125,"column":43},"end":{"line":164,"column":1}},"line":125},"8":{"name":"(anonymous_8)","decl":{"start":{"line":127,"column":8},"end":{"line":127,"column":9}},"loc":{"start":{"line":127,"column":16},"end":{"line":160,"column":9}},"line":127},"9":{"name":"(anonymous_9)","decl":{"start":{"line":148,"column":28},"end":{"line":148,"column":29}},"loc":{"start":{"line":148,"column":33},"end":{"line":151,"column":21}},"line":148},"10":{"name":"(anonymous_10)","decl":{"start":{"line":167,"column":19},"end":{"line":167,"column":20}},"loc":{"start":{"line":167,"column":45},"end":{"line":174,"column":1}},"line":167},"11":{"name":"(anonymous_11)","decl":{"start":{"line":169,"column":14},"end":{"line":169,"column":15}},"loc":{"start":{"line":169,"column":23},"end":{"line":172,"column":9}},"line":169},"12":{"name":"(anonymous_12)","decl":{"start":{"line":188,"column":20},"end":{"line":188,"column":21}},"loc":{"start":{"line":188,"column":40},"end":{"line":206,"column":1}},"line":188},"13":{"name":"(anonymous_13)","decl":{"start":{"line":190,"column":8},"end":{"line":190,"column":9}},"loc":{"start":{"line":190,"column":18},"end":{"line":197,"column":9}},"line":190},"14":{"name":"(anonymous_14)","decl":{"start":{"line":198,"column":12},"end":{"line":198,"column":13}},"loc":{"start":{"line":198,"column":21},"end":{"line":203,"column":13}},"line":198}},"branchMap":{"0":{"loc":{"start":{"line":64,"column":64},"end":{"line":64,"column":99}},"type":"binary-expr","locations":[{"start":{"line":64,"column":64},"end":{"line":64,"column":81}},{"start":{"line":64,"column":85},"end":{"line":64,"column":99}}],"line":64},"1":{"loc":{"start":{"line":66,"column":8},"end":{"line":77,"column":9}},"type":"if","locations":[{"start":{"line":66,"column":8},"end":{"line":77,"column":9}},{"start":{"line":74,"column":13},"end":{"line":77,"column":9}}],"line":66},"2":{"loc":{"start":{"line":113,"column":8},"end":{"line":116,"column":9}},"type":"if","locations":[{"start":{"line":113,"column":8},"end":{"line":116,"column":9}},{"start":{},"end":{}}],"line":113},"3":{"loc":{"start":{"line":131,"column":12},"end":{"line":159,"column":13}},"type":"if","locations":[{"start":{"line":131,"column":12},"end":{"line":159,"column":13}},{"start":{"line":136,"column":19},"end":{"line":159,"column":13}}],"line":131}},"s":{"0":1,"1":1,"2":1,"3":1,"4":1,"5":1,"6":0,"7":1,"8":0,"9":0,"10":0,"11":0,"12":1,"13":1,"14":1,"15":1,"16":1,"17":0,"18":1,"19":0,"20":1,"21":0,"22":0,"23":0,"24":0,"25":1,"26":1,"27":1,"28":1,"29":1,"30":0,"31":1,"32":0,"33":0,"34":0,"35":0,"36":0,"37":0,"38":0,"39":0,"40":0,"41":0,"42":0,"43":0,"44":1,"45":0,"46":0,"47":1,"48":0,"49":0,"50":0,"51":0,"52":1},"f":{"0":1,"1":1,"2":0,"3":0,"4":1,"5":0,"6":1,"7":0,"8":0,"9":0,"10":0,"11":0,"12":0,"13":0,"14":0},"b":{"0":[1,1],"1":[0,1],"2":[1,0],"3":[0,0]},"_coverageSchema":"1a1c01bbd47fc00a2c39e90264f33305004495a9","hash":"3c5a9b5606a5c61fe51e2df9c7474678383b0de3"}
,"C:\\Users\\user\\Desktop\\api\\t1-backend-web-api-kitarp07\\controller\\messageController.js": {"path":"C:\\Users\\user\\Desktop\\api\\t1-backend-web-api-kitarp07\\controller\\messageController.js","statementMap":{"0":{"start":{"line":1,"column":16},"end":{"line":1,"column":43}},"1":{"start":{"line":4,"column":22},"end":{"line":8,"column":1}},"2":{"start":{"line":10,"column":22},"end":{"line":27,"column":1}},"3":{"start":{"line":11,"column":4},"end":{"line":25,"column":10}},"4":{"start":{"line":13,"column":12},"end":{"line":17,"column":15}},"5":{"start":{"line":20,"column":16},"end":{"line":23,"column":19}},"6":{"start":{"line":29,"column":19},"end":{"line":71,"column":1}},"7":{"start":{"line":30,"column":4},"end":{"line":70,"column":5}},"8":{"start":{"line":36,"column":8},"end":{"line":58,"column":9}},"9":{"start":{"line":37,"column":29},"end":{"line":37,"column":46}},"10":{"start":{"line":38,"column":22},"end":{"line":38,"column":42}},"11":{"start":{"line":40,"column":25},"end":{"line":47,"column":14}},"12":{"start":{"line":50,"column":25},"end":{"line":57,"column":14}},"13":{"start":{"line":61,"column":8},"end":{"line":61,"column":26}},"14":{"start":{"line":62,"column":8},"end":{"line":64,"column":9}},"15":{"start":{"line":63,"column":12},"end":{"line":63,"column":38}},"16":{"start":{"line":68,"column":8},"end":{"line":68,"column":18}},"17":{"start":{"line":73,"column":27},"end":{"line":89,"column":1}},"18":{"start":{"line":75,"column":4},"end":{"line":87,"column":5}},"19":{"start":{"line":77,"column":25},"end":{"line":77,"column":74}},"20":{"start":{"line":80,"column":8},"end":{"line":80,"column":39}},"21":{"start":{"line":83,"column":8},"end":{"line":86,"column":11}},"22":{"start":{"line":92,"column":22},"end":{"line":98,"column":1}},"23":{"start":{"line":93,"column":4},"end":{"line":96,"column":22}},"24":{"start":{"line":95,"column":12},"end":{"line":95,"column":43}},"25":{"start":{"line":100,"column":30},"end":{"line":111,"column":1}},"26":{"start":{"line":101,"column":4},"end":{"line":110,"column":18}},"27":{"start":{"line":103,"column":8},"end":{"line":108,"column":10}},"28":{"start":{"line":104,"column":12},"end":{"line":107,"column":13}},"29":{"start":{"line":105,"column":16},"end":{"line":105,"column":30}},"30":{"start":{"line":113,"column":0},"end":{"line":119,"column":1}}},"fnMap":{"0":{"name":"(anonymous_0)","decl":{"start":{"line":10,"column":22},"end":{"line":10,"column":23}},"loc":{"start":{"line":10,"column":42},"end":{"line":27,"column":1}},"line":10},"1":{"name":"(anonymous_1)","decl":{"start":{"line":12,"column":8},"end":{"line":12,"column":9}},"loc":{"start":{"line":12,"column":17},"end":{"line":18,"column":9}},"line":12},"2":{"name":"(anonymous_2)","decl":{"start":{"line":19,"column":12},"end":{"line":19,"column":13}},"loc":{"start":{"line":19,"column":21},"end":{"line":24,"column":13}},"line":19},"3":{"name":"(anonymous_3)","decl":{"start":{"line":29,"column":19},"end":{"line":29,"column":20}},"loc":{"start":{"line":29,"column":45},"end":{"line":71,"column":1}},"line":29},"4":{"name":"(anonymous_4)","decl":{"start":{"line":73,"column":27},"end":{"line":73,"column":28}},"loc":{"start":{"line":73,"column":53},"end":{"line":89,"column":1}},"line":73},"5":{"name":"(anonymous_5)","decl":{"start":{"line":92,"column":22},"end":{"line":92,"column":23}},"loc":{"start":{"line":92,"column":42},"end":{"line":98,"column":1}},"line":92},"6":{"name":"(anonymous_6)","decl":{"start":{"line":94,"column":14},"end":{"line":94,"column":15}},"loc":{"start":{"line":94,"column":23},"end":{"line":96,"column":9}},"line":94},"7":{"name":"(anonymous_7)","decl":{"start":{"line":100,"column":30},"end":{"line":100,"column":31}},"loc":{"start":{"line":100,"column":50},"end":{"line":111,"column":1}},"line":100},"8":{"name":"(anonymous_8)","decl":{"start":{"line":102,"column":10},"end":{"line":102,"column":11}},"loc":{"start":{"line":102,"column":23},"end":{"line":110,"column":5}},"line":102},"9":{"name":"(anonymous_9)","decl":{"start":{"line":103,"column":21},"end":{"line":103,"column":22}},"loc":{"start":{"line":103,"column":31},"end":{"line":108,"column":9}},"line":103}},"branchMap":{"0":{"loc":{"start":{"line":36,"column":8},"end":{"line":58,"column":9}},"type":"if","locations":[{"start":{"line":36,"column":8},"end":{"line":58,"column":9}},{"start":{"line":49,"column":12},"end":{"line":58,"column":9}}],"line":36},"1":{"loc":{"start":{"line":62,"column":8},"end":{"line":64,"column":9}},"type":"if","locations":[{"start":{"line":62,"column":8},"end":{"line":64,"column":9}},{"start":{},"end":{}}],"line":62},"2":{"loc":{"start":{"line":104,"column":12},"end":{"line":107,"column":13}},"type":"if","locations":[{"start":{"line":104,"column":12},"end":{"line":107,"column":13}},{"start":{},"end":{}}],"line":104}},"s":{"0":1,"1":1,"2":1,"3":1,"4":1,"5":0,"6":1,"7":0,"8":0,"9":0,"10":0,"11":0,"12":0,"13":0,"14":0,"15":0,"16":0,"17":1,"18":0,"19":0,"20":0,"21":0,"22":1,"23":0,"24":0,"25":1,"26":0,"27":0,"28":0,"29":0,"30":1},"f":{"0":1,"1":1,"2":0,"3":0,"4":0,"5":0,"6":0,"7":0,"8":0,"9":0},"b":{"0":[0,0],"1":[0,0],"2":[0,0]},"_coverageSchema":"1a1c01bbd47fc00a2c39e90264f33305004495a9","hash":"36f65ba8b76593e4b5e6e03c0dfe8ca81b13c372"}
,"C:\\Users\\user\\Desktop\\api\\t1-backend-web-api-kitarp07\\controller\\userController.js": {"path":"C:\\Users\\user\\Desktop\\api\\t1-backend-web-api-kitarp07\\controller\\userController.js","statementMap":{"0":{"start":{"line":1,"column":13},"end":{"line":1,"column":37}},"1":{"start":{"line":2,"column":16},"end":{"line":2,"column":34}},"2":{"start":{"line":3,"column":15},"end":{"line":3,"column":34}},"3":{"start":{"line":6,"column":20},"end":{"line":12,"column":1}},"4":{"start":{"line":7,"column":4},"end":{"line":10,"column":36}},"5":{"start":{"line":9,"column":12},"end":{"line":9,"column":39}},"6":{"start":{"line":10,"column":26},"end":{"line":10,"column":35}},"7":{"start":{"line":15,"column":20},"end":{"line":35,"column":1}},"8":{"start":{"line":29,"column":4},"end":{"line":33,"column":22}},"9":{"start":{"line":31,"column":12},"end":{"line":31,"column":39}},"10":{"start":{"line":37,"column":26},"end":{"line":56,"column":1}},"11":{"start":{"line":39,"column":4},"end":{"line":48,"column":5}},"12":{"start":{"line":41,"column":21},"end":{"line":41,"column":60}},"13":{"start":{"line":42,"column":8},"end":{"line":42,"column":44}},"14":{"start":{"line":44,"column":8},"end":{"line":46,"column":10}},"15":{"start":{"line":58,"column":25},"end":{"line":74,"column":1}},"16":{"start":{"line":59,"column":4},"end":{"line":72,"column":5}},"17":{"start":{"line":61,"column":25},"end":{"line":61,"column":79}},"18":{"start":{"line":62,"column":8},"end":{"line":62,"column":28}},"19":{"start":{"line":66,"column":8},"end":{"line":66,"column":39}},"20":{"start":{"line":68,"column":8},"end":{"line":71,"column":11}},"21":{"start":{"line":76,"column":19},"end":{"line":119,"column":1}},"22":{"start":{"line":78,"column":4},"end":{"line":116,"column":22}},"23":{"start":{"line":80,"column":12},"end":{"line":82,"column":13}},"24":{"start":{"line":81,"column":16},"end":{"line":81,"column":43}},"25":{"start":{"line":83,"column":12},"end":{"line":86,"column":13}},"26":{"start":{"line":84,"column":16},"end":{"line":84,"column":43}},"27":{"start":{"line":87,"column":12},"end":{"line":89,"column":13}},"28":{"start":{"line":88,"column":16},"end":{"line":88,"column":49}},"29":{"start":{"line":91,"column":12},"end":{"line":100,"column":13}},"30":{"start":{"line":92,"column":16},"end":{"line":97,"column":18}},"31":{"start":{"line":93,"column":20},"end":{"line":93,"column":46}},"32":{"start":{"line":93,"column":29},"end":{"line":93,"column":46}},"33":{"start":{"line":95,"column":20},"end":{"line":95,"column":40}},"34":{"start":{"line":103,"column":12},"end":{"line":111,"column":26}},"35":{"start":{"line":104,"column":16},"end":{"line":104,"column":34}},"36":{"start":{"line":105,"column":16},"end":{"line":110,"column":18}},"37":{"start":{"line":123,"column":19},"end":{"line":129,"column":1}},"38":{"start":{"line":124,"column":4},"end":{"line":127,"column":22}},"39":{"start":{"line":126,"column":12},"end":{"line":126,"column":37}},"40":{"start":{"line":132,"column":23},"end":{"line":138,"column":1}},"41":{"start":{"line":133,"column":4},"end":{"line":136,"column":29}},"42":{"start":{"line":135,"column":12},"end":{"line":135,"column":27}},"43":{"start":{"line":140,"column":0},"end":{"line":147,"column":1}}},"fnMap":{"0":{"name":"(anonymous_0)","decl":{"start":{"line":6,"column":20},"end":{"line":6,"column":21}},"loc":{"start":{"line":6,"column":40},"end":{"line":12,"column":1}},"line":6},"1":{"name":"(anonymous_1)","decl":{"start":{"line":8,"column":14},"end":{"line":8,"column":15}},"loc":{"start":{"line":8,"column":25},"end":{"line":10,"column":9}},"line":8},"2":{"name":"(anonymous_2)","decl":{"start":{"line":10,"column":17},"end":{"line":10,"column":18}},"loc":{"start":{"line":10,"column":26},"end":{"line":10,"column":35}},"line":10},"3":{"name":"(anonymous_3)","decl":{"start":{"line":15,"column":20},"end":{"line":15,"column":21}},"loc":{"start":{"line":15,"column":46},"end":{"line":35,"column":1}},"line":15},"4":{"name":"(anonymous_4)","decl":{"start":{"line":30,"column":14},"end":{"line":30,"column":15}},"loc":{"start":{"line":30,"column":24},"end":{"line":33,"column":9}},"line":30},"5":{"name":"(anonymous_5)","decl":{"start":{"line":37,"column":26},"end":{"line":37,"column":27}},"loc":{"start":{"line":37,"column":52},"end":{"line":56,"column":1}},"line":37},"6":{"name":"(anonymous_6)","decl":{"start":{"line":58,"column":25},"end":{"line":58,"column":26}},"loc":{"start":{"line":58,"column":51},"end":{"line":74,"column":1}},"line":58},"7":{"name":"(anonymous_7)","decl":{"start":{"line":76,"column":19},"end":{"line":76,"column":20}},"loc":{"start":{"line":76,"column":39},"end":{"line":119,"column":1}},"line":76},"8":{"name":"(anonymous_8)","decl":{"start":{"line":79,"column":14},"end":{"line":79,"column":15}},"loc":{"start":{"line":79,"column":24},"end":{"line":116,"column":9}},"line":79},"9":{"name":"(anonymous_9)","decl":{"start":{"line":92,"column":51},"end":{"line":92,"column":52}},"loc":{"start":{"line":92,"column":66},"end":{"line":97,"column":17}},"line":92},"10":{"name":"(anonymous_10)","decl":{"start":{"line":103,"column":29},"end":{"line":103,"column":30}},"loc":{"start":{"line":103,"column":37},"end":{"line":111,"column":13}},"line":103},"11":{"name":"(anonymous_11)","decl":{"start":{"line":123,"column":19},"end":{"line":123,"column":20}},"loc":{"start":{"line":123,"column":39},"end":{"line":129,"column":1}},"line":123},"12":{"name":"(anonymous_12)","decl":{"start":{"line":125,"column":14},"end":{"line":125,"column":15}},"loc":{"start":{"line":125,"column":23},"end":{"line":127,"column":9}},"line":125},"13":{"name":"(anonymous_13)","decl":{"start":{"line":132,"column":23},"end":{"line":132,"column":24}},"loc":{"start":{"line":132,"column":37},"end":{"line":138,"column":1}},"line":132},"14":{"name":"(anonymous_14)","decl":{"start":{"line":134,"column":14},"end":{"line":134,"column":15}},"loc":{"start":{"line":134,"column":25},"end":{"line":136,"column":9}},"line":134}},"branchMap":{"0":{"loc":{"start":{"line":80,"column":12},"end":{"line":82,"column":13}},"type":"if","locations":[{"start":{"line":80,"column":12},"end":{"line":82,"column":13}},{"start":{},"end":{}}],"line":80},"1":{"loc":{"start":{"line":83,"column":12},"end":{"line":86,"column":13}},"type":"if","locations":[{"start":{"line":83,"column":12},"end":{"line":86,"column":13}},{"start":{},"end":{}}],"line":83},"2":{"loc":{"start":{"line":87,"column":12},"end":{"line":89,"column":13}},"type":"if","locations":[{"start":{"line":87,"column":12},"end":{"line":89,"column":13}},{"start":{},"end":{}}],"line":87},"3":{"loc":{"start":{"line":91,"column":12},"end":{"line":100,"column":13}},"type":"if","locations":[{"start":{"line":91,"column":12},"end":{"line":100,"column":13}},{"start":{},"end":{}}],"line":91},"4":{"loc":{"start":{"line":93,"column":20},"end":{"line":93,"column":46}},"type":"if","locations":[{"start":{"line":93,"column":20},"end":{"line":93,"column":46}},{"start":{},"end":{}}],"line":93}},"s":{"0":1,"1":1,"2":1,"3":1,"4":0,"5":0,"6":0,"7":1,"8":0,"9":0,"10":1,"11":0,"12":0,"13":0,"14":0,"15":1,"16":0,"17":0,"18":0,"19":0,"20":0,"21":1,"22":0,"23":0,"24":0,"25":0,"26":0,"27":0,"28":0,"29":0,"30":0,"31":0,"32":0,"33":0,"34":0,"35":0,"36":0,"37":1,"38":1,"39":1,"40":1,"41":0,"42":0,"43":1},"f":{"0":0,"1":0,"2":0,"3":0,"4":0,"5":0,"6":0,"7":0,"8":0,"9":0,"10":0,"11":1,"12":1,"13":0,"14":0},"b":{"0":[0,0],"1":[0,0],"2":[0,0],"3":[0,0],"4":[0,0]},"_coverageSchema":"1a1c01bbd47fc00a2c39e90264f33305004495a9","hash":"e4d31d9f02937e6f041e2dbd0aaead0aea960774"}
,"C:\\Users\\user\\Desktop\\api\\t1-backend-web-api-kitarp07\\middleware\\upload.js": {"path":"C:\\Users\\user\\Desktop\\api\\t1-backend-web-api-kitarp07\\middleware\\upload.js","statementMap":{"0":{"start":{"line":1,"column":15},"end":{"line":1,"column":32}},"1":{"start":{"line":2,"column":13},"end":{"line":2,"column":28}},"2":{"start":{"line":4,"column":16},"end":{"line":15,"column":2}},"3":{"start":{"line":6,"column":8},"end":{"line":6,"column":28}},"4":{"start":{"line":10,"column":22},"end":{"line":10,"column":53}},"5":{"start":{"line":12,"column":8},"end":{"line":12,"column":63}},"6":{"start":{"line":17,"column":24},"end":{"line":23,"column":1}},"7":{"start":{"line":18,"column":4},"end":{"line":20,"column":5}},"8":{"start":{"line":19,"column":8},"end":{"line":19,"column":64}},"9":{"start":{"line":21,"column":4},"end":{"line":21,"column":18}},"10":{"start":{"line":25,"column":15},"end":{"line":29,"column":2}},"11":{"start":{"line":31,"column":0},"end":{"line":31,"column":23}}},"fnMap":{"0":{"name":"(anonymous_0)","decl":{"start":{"line":5,"column":17},"end":{"line":5,"column":18}},"loc":{"start":{"line":5,"column":36},"end":{"line":8,"column":5}},"line":5},"1":{"name":"(anonymous_1)","decl":{"start":{"line":9,"column":14},"end":{"line":9,"column":15}},"loc":{"start":{"line":9,"column":33},"end":{"line":14,"column":5}},"line":9},"2":{"name":"(anonymous_2)","decl":{"start":{"line":17,"column":24},"end":{"line":17,"column":25}},"loc":{"start":{"line":17,"column":43},"end":{"line":23,"column":1}},"line":17}},"branchMap":{"0":{"loc":{"start":{"line":18,"column":4},"end":{"line":20,"column":5}},"type":"if","locations":[{"start":{"line":18,"column":4},"end":{"line":20,"column":5}},{"start":{},"end":{}}],"line":18}},"s":{"0":1,"1":1,"2":1,"3":0,"4":0,"5":0,"6":1,"7":0,"8":0,"9":0,"10":1,"11":1},"f":{"0":0,"1":0,"2":0},"b":{"0":[0,0]},"_coverageSchema":"1a1c01bbd47fc00a2c39e90264f33305004495a9","hash":"4f6718a1ce1e43245c531f86d1469e5e2bac16e8"}
,"C:\\Users\\user\\Desktop\\api\\t1-backend-web-api-kitarp07\\model\\Chat.js": {"path":"C:\\Users\\user\\Desktop\\api\\t1-backend-web-api-kitarp07\\model\\Chat.js","statementMap":{"0":{"start":{"line":1,"column":17},"end":{"line":1,"column":36}},"1":{"start":{"line":3,"column":19},"end":{"line":10,"column":22}},"2":{"start":{"line":12,"column":0},"end":{"line":12,"column":51}}},"fnMap":{},"branchMap":{},"s":{"0":1,"1":1,"2":1},"f":{},"b":{},"_coverageSchema":"1a1c01bbd47fc00a2c39e90264f33305004495a9","hash":"5a5fa6f6b0de218b57344e822ba7b3502d0c20dd"}
,"C:\\Users\\user\\Desktop\\api\\t1-backend-web-api-kitarp07\\model\\Message.js": {"path":"C:\\Users\\user\\Desktop\\api\\t1-backend-web-api-kitarp07\\model\\Message.js","statementMap":{"0":{"start":{"line":1,"column":17},"end":{"line":1,"column":36}},"1":{"start":{"line":3,"column":22},"end":{"line":18,"column":22}},"2":{"start":{"line":20,"column":0},"end":{"line":20,"column":57}}},"fnMap":{},"branchMap":{},"s":{"0":1,"1":1,"2":1},"f":{},"b":{},"_coverageSchema":"1a1c01bbd47fc00a2c39e90264f33305004495a9","hash":"37b737a35e31a7bb4984d9bc2a3c9d2bd579bd0f"}
,"C:\\Users\\user\\Desktop\\api\\t1-backend-web-api-kitarp07\\model\\User.js": {"path":"C:\\Users\\user\\Desktop\\api\\t1-backend-web-api-kitarp07\\model\\User.js","statementMap":{"0":{"start":{"line":1,"column":17},"end":{"line":1,"column":36}},"1":{"start":{"line":3,"column":19},"end":{"line":28,"column":2}},"2":{"start":{"line":30,"column":0},"end":{"line":30,"column":52}}},"fnMap":{},"branchMap":{},"s":{"0":1,"1":1,"2":1},"f":{},"b":{},"_coverageSchema":"1a1c01bbd47fc00a2c39e90264f33305004495a9","hash":"9471183863f7a7e77fb0181b4ae1dd5f013f9958"}
,"C:\\Users\\user\\Desktop\\api\\t1-backend-web-api-kitarp07\\routes\\chatRoutes.js": {"path":"C:\\Users\\user\\Desktop\\api\\t1-backend-web-api-kitarp07\\routes\\chatRoutes.js","statementMap":{"0":{"start":{"line":1,"column":16},"end":{"line":1,"column":34}},"1":{"start":{"line":2,"column":15},"end":{"line":2,"column":31}},"2":{"start":{"line":3,"column":15},"end":{"line":3,"column":34}},"3":{"start":{"line":4,"column":12},"end":{"line":4,"column":35}},"4":{"start":{"line":5,"column":15},"end":{"line":5,"column":32}},"5":{"start":{"line":6,"column":11},"end":{"line":6,"column":24}},"6":{"start":{"line":7,"column":13},"end":{"line":7,"column":28}},"7":{"start":{"line":8,"column":13},"end":{"line":8,"column":40}},"8":{"start":{"line":9,"column":20},"end":{"line":9,"column":39}},"9":{"start":{"line":10,"column":23},"end":{"line":10,"column":62}},"10":{"start":{"line":11,"column":18},"end":{"line":11,"column":41}},"11":{"start":{"line":14,"column":0},"end":{"line":16,"column":33}},"12":{"start":{"line":18,"column":0},"end":{"line":21,"column":33}},"13":{"start":{"line":22,"column":0},"end":{"line":23,"column":36}},"14":{"start":{"line":25,"column":0},"end":{"line":26,"column":40}},"15":{"start":{"line":27,"column":0},"end":{"line":28,"column":39}},"16":{"start":{"line":30,"column":0},"end":{"line":31,"column":34}},"17":{"start":{"line":33,"column":0},"end":{"line":33,"column":24}}},"fnMap":{},"branchMap":{},"s":{"0":1,"1":1,"2":1,"3":1,"4":1,"5":1,"6":1,"7":1,"8":1,"9":1,"10":1,"11":1,"12":1,"13":1,"14":1,"15":1,"16":1,"17":1},"f":{},"b":{},"_coverageSchema":"1a1c01bbd47fc00a2c39e90264f33305004495a9","hash":"7a4711840fd346d52c2e65a2443787314b95946e"}
,"C:\\Users\\user\\Desktop\\api\\t1-backend-web-api-kitarp07\\routes\\messageRoutes.js": {"path":"C:\\Users\\user\\Desktop\\api\\t1-backend-web-api-kitarp07\\routes\\messageRoutes.js","statementMap":{"0":{"start":{"line":1,"column":16},"end":{"line":1,"column":34}},"1":{"start":{"line":2,"column":15},"end":{"line":2,"column":31}},"2":{"start":{"line":3,"column":15},"end":{"line":3,"column":34}},"3":{"start":{"line":4,"column":12},"end":{"line":4,"column":35}},"4":{"start":{"line":5,"column":15},"end":{"line":5,"column":32}},"5":{"start":{"line":6,"column":11},"end":{"line":6,"column":24}},"6":{"start":{"line":7,"column":13},"end":{"line":7,"column":28}},"7":{"start":{"line":8,"column":16},"end":{"line":8,"column":43}},"8":{"start":{"line":9,"column":20},"end":{"line":9,"column":39}},"9":{"start":{"line":10,"column":26},"end":{"line":10,"column":68}},"10":{"start":{"line":11,"column":15},"end":{"line":11,"column":46}},"11":{"start":{"line":13,"column":22},"end":{"line":17,"column":1}},"12":{"start":{"line":19,"column":0},"end":{"line":20,"column":41}},"13":{"start":{"line":22,"column":0},"end":{"line":56,"column":2}},"14":{"start":{"line":23,"column":4},"end":{"line":53,"column":5}},"15":{"start":{"line":26,"column":21},"end":{"line":31,"column":10}},"16":{"start":{"line":32,"column":8},"end":{"line":40,"column":9}},"17":{"start":{"line":33,"column":29},"end":{"line":33,"column":46}},"18":{"start":{"line":34,"column":22},"end":{"line":34,"column":42}},"19":{"start":{"line":36,"column":12},"end":{"line":36,"column":30}},"20":{"start":{"line":39,"column":12},"end":{"line":39,"column":43}},"21":{"start":{"line":41,"column":8},"end":{"line":44,"column":11}},"22":{"start":{"line":42,"column":12},"end":{"line":42,"column":38}},"23":{"start":{"line":51,"column":8},"end":{"line":51,"column":18}},"24":{"start":{"line":59,"column":0},"end":{"line":60,"column":44}},"25":{"start":{"line":62,"column":0},"end":{"line":64,"column":52}},"26":{"start":{"line":68,"column":0},"end":{"line":68,"column":24}}},"fnMap":{"0":{"name":"(anonymous_0)","decl":{"start":{"line":22,"column":43},"end":{"line":22,"column":44}},"loc":{"start":{"line":22,"column":69},"end":{"line":56,"column":1}},"line":22},"1":{"name":"(anonymous_1)","decl":{"start":{"line":41,"column":25},"end":{"line":41,"column":26}},"loc":{"start":{"line":41,"column":33},"end":{"line":44,"column":9}},"line":41}},"branchMap":{"0":{"loc":{"start":{"line":32,"column":8},"end":{"line":40,"column":9}},"type":"if","locations":[{"start":{"line":32,"column":8},"end":{"line":40,"column":9}},{"start":{"line":38,"column":13},"end":{"line":40,"column":9}}],"line":32}},"s":{"0":1,"1":1,"2":1,"3":1,"4":1,"5":1,"6":1,"7":1,"8":1,"9":1,"10":1,"11":1,"12":1,"13":1,"14":1,"15":1,"16":1,"17":0,"18":0,"19":0,"20":1,"21":1,"22":1,"23":0,"24":1,"25":1,"26":1},"f":{"0":1,"1":1},"b":{"0":[0,1]},"_coverageSchema":"1a1c01bbd47fc00a2c39e90264f33305004495a9","hash":"0c81f125456a19e403ee4731be1780204f29ee44"}
,"C:\\Users\\user\\Desktop\\api\\t1-backend-web-api-kitarp07\\routes\\userRoutes.js": {"path":"C:\\Users\\user\\Desktop\\api\\t1-backend-web-api-kitarp07\\routes\\userRoutes.js","statementMap":{"0":{"start":{"line":1,"column":16},"end":{"line":1,"column":34}},"1":{"start":{"line":2,"column":15},"end":{"line":2,"column":31}},"2":{"start":{"line":3,"column":15},"end":{"line":3,"column":34}},"3":{"start":{"line":4,"column":12},"end":{"line":4,"column":35}},"4":{"start":{"line":5,"column":15},"end":{"line":5,"column":32}},"5":{"start":{"line":6,"column":11},"end":{"line":6,"column":24}},"6":{"start":{"line":7,"column":13},"end":{"line":7,"column":28}},"7":{"start":{"line":8,"column":13},"end":{"line":8,"column":37}},"8":{"start":{"line":9,"column":20},"end":{"line":9,"column":39}},"9":{"start":{"line":10,"column":23},"end":{"line":10,"column":62}},"10":{"start":{"line":11,"column":15},"end":{"line":11,"column":46}},"11":{"start":{"line":14,"column":22},"end":{"line":18,"column":1}},"12":{"start":{"line":21,"column":0},"end":{"line":61,"column":2}},"13":{"start":{"line":22,"column":4},"end":{"line":59,"column":22}},"14":{"start":{"line":24,"column":12},"end":{"line":28,"column":13}},"15":{"start":{"line":25,"column":26},"end":{"line":25,"column":79}},"16":{"start":{"line":26,"column":16},"end":{"line":26,"column":31}},"17":{"start":{"line":27,"column":16},"end":{"line":27,"column":32}},"18":{"start":{"line":28,"column":14},"end":{"line":58,"column":14}},"19":{"start":{"line":29,"column":16},"end":{"line":29,"column":42}},"20":{"start":{"line":29,"column":25},"end":{"line":29,"column":42}},"21":{"start":{"line":31,"column":16},"end":{"line":39,"column":17}},"22":{"start":{"line":41,"column":16},"end":{"line":47,"column":17}},"23":{"start":{"line":42,"column":37},"end":{"line":42,"column":54}},"24":{"start":{"line":43,"column":20},"end":{"line":43,"column":53}},"25":{"start":{"line":46,"column":20},"end":{"line":46,"column":52}},"26":{"start":{"line":50,"column":16},"end":{"line":57,"column":30}},"27":{"start":{"line":51,"column":20},"end":{"line":56,"column":22}},"28":{"start":{"line":63,"column":0},"end":{"line":107,"column":2}},"29":{"start":{"line":64,"column":4},"end":{"line":104,"column":22}},"30":{"start":{"line":66,"column":12},"end":{"line":70,"column":13}},"31":{"start":{"line":67,"column":26},"end":{"line":67,"column":79}},"32":{"start":{"line":68,"column":16},"end":{"line":68,"column":31}},"33":{"start":{"line":69,"column":16},"end":{"line":69,"column":32}},"34":{"start":{"line":72,"column":12},"end":{"line":102,"column":14}},"35":{"start":{"line":73,"column":16},"end":{"line":73,"column":41}},"36":{"start":{"line":73,"column":25},"end":{"line":73,"column":41}},"37":{"start":{"line":74,"column":16},"end":{"line":77,"column":17}},"38":{"start":{"line":75,"column":30},"end":{"line":75,"column":66}},"39":{"start":{"line":76,"column":20},"end":{"line":76,"column":36}},"40":{"start":{"line":78,"column":27},"end":{"line":82,"column":17}},"41":{"start":{"line":83,"column":16},"end":{"line":99,"column":22}},"42":{"start":{"line":86,"column":24},"end":{"line":86,"column":49}},"43":{"start":{"line":86,"column":33},"end":{"line":86,"column":49}},"44":{"start":{"line":88,"column":24},"end":{"line":88,"column":48}},"45":{"start":{"line":90,"column":24},"end":{"line":96,"column":26}},"46":{"start":{"line":110,"column":0},"end":{"line":112,"column":38}},"47":{"start":{"line":114,"column":0},"end":{"line":162,"column":1}},"48":{"start":{"line":115,"column":4},"end":{"line":160,"column":22}},"49":{"start":{"line":117,"column":12},"end":{"line":119,"column":13}},"50":{"start":{"line":118,"column":16},"end":{"line":118,"column":43}},"51":{"start":{"line":120,"column":12},"end":{"line":123,"column":13}},"52":{"start":{"line":121,"column":16},"end":{"line":121,"column":43}},"53":{"start":{"line":124,"column":12},"end":{"line":126,"column":13}},"54":{"start":{"line":125,"column":16},"end":{"line":125,"column":49}},"55":{"start":{"line":128,"column":12},"end":{"line":133,"column":13}},"56":{"start":{"line":129,"column":33},"end":{"line":129,"column":50}},"57":{"start":{"line":130,"column":26},"end":{"line":130,"column":46}},"58":{"start":{"line":132,"column":16},"end":{"line":132,"column":32}},"59":{"start":{"line":135,"column":12},"end":{"line":144,"column":13}},"60":{"start":{"line":136,"column":16},"end":{"line":141,"column":18}},"61":{"start":{"line":137,"column":20},"end":{"line":137,"column":46}},"62":{"start":{"line":137,"column":29},"end":{"line":137,"column":46}},"63":{"start":{"line":139,"column":20},"end":{"line":139,"column":40}},"64":{"start":{"line":147,"column":12},"end":{"line":155,"column":26}},"65":{"start":{"line":148,"column":16},"end":{"line":148,"column":34}},"66":{"start":{"line":149,"column":16},"end":{"line":154,"column":18}},"67":{"start":{"line":164,"column":0},"end":{"line":165,"column":41}},"68":{"start":{"line":169,"column":0},"end":{"line":172,"column":42}},"69":{"start":{"line":176,"column":0},"end":{"line":176,"column":24}}},"fnMap":{"0":{"name":"(anonymous_0)","decl":{"start":{"line":21,"column":49},"end":{"line":21,"column":50}},"loc":{"start":{"line":21,"column":69},"end":{"line":61,"column":1}},"line":21},"1":{"name":"(anonymous_1)","decl":{"start":{"line":23,"column":14},"end":{"line":23,"column":15}},"loc":{"start":{"line":23,"column":22},"end":{"line":59,"column":9}},"line":23},"2":{"name":"(anonymous_2)","decl":{"start":{"line":28,"column":49},"end":{"line":28,"column":50}},"loc":{"start":{"line":28,"column":64},"end":{"line":58,"column":13}},"line":28},"3":{"name":"(anonymous_3)","decl":{"start":{"line":50,"column":33},"end":{"line":50,"column":34}},"loc":{"start":{"line":50,"column":41},"end":{"line":57,"column":17}},"line":50},"4":{"name":"(anonymous_4)","decl":{"start":{"line":63,"column":22},"end":{"line":63,"column":23}},"loc":{"start":{"line":63,"column":42},"end":{"line":107,"column":1}},"line":63},"5":{"name":"(anonymous_5)","decl":{"start":{"line":65,"column":14},"end":{"line":65,"column":15}},"loc":{"start":{"line":65,"column":22},"end":{"line":104,"column":9}},"line":65},"6":{"name":"(anonymous_6)","decl":{"start":{"line":72,"column":61},"end":{"line":72,"column":62}},"loc":{"start":{"line":72,"column":79},"end":{"line":102,"column":13}},"line":72},"7":{"name":"(anonymous_7)","decl":{"start":{"line":85,"column":20},"end":{"line":85,"column":21}},"loc":{"start":{"line":85,"column":36},"end":{"line":99,"column":21}},"line":85},"8":{"name":"(anonymous_8)","decl":{"start":{"line":114,"column":43},"end":{"line":114,"column":44}},"loc":{"start":{"line":114,"column":63},"end":{"line":161,"column":1}},"line":114},"9":{"name":"(anonymous_9)","decl":{"start":{"line":116,"column":14},"end":{"line":116,"column":15}},"loc":{"start":{"line":116,"column":24},"end":{"line":160,"column":9}},"line":116},"10":{"name":"(anonymous_10)","decl":{"start":{"line":136,"column":51},"end":{"line":136,"column":52}},"loc":{"start":{"line":136,"column":66},"end":{"line":141,"column":17}},"line":136},"11":{"name":"(anonymous_11)","decl":{"start":{"line":147,"column":29},"end":{"line":147,"column":30}},"loc":{"start":{"line":147,"column":37},"end":{"line":155,"column":13}},"line":147}},"branchMap":{"0":{"loc":{"start":{"line":24,"column":12},"end":{"line":28,"column":13}},"type":"if","locations":[{"start":{"line":24,"column":12},"end":{"line":28,"column":13}},{"start":{},"end":{}}],"line":24},"1":{"loc":{"start":{"line":29,"column":16},"end":{"line":29,"column":42}},"type":"if","locations":[{"start":{"line":29,"column":16},"end":{"line":29,"column":42}},{"start":{},"end":{}}],"line":29},"2":{"loc":{"start":{"line":41,"column":16},"end":{"line":47,"column":17}},"type":"if","locations":[{"start":{"line":41,"column":16},"end":{"line":47,"column":17}},{"start":{"line":45,"column":21},"end":{"line":47,"column":17}}],"line":41},"3":{"loc":{"start":{"line":66,"column":12},"end":{"line":70,"column":13}},"type":"if","locations":[{"start":{"line":66,"column":12},"end":{"line":70,"column":13}},{"start":{},"end":{}}],"line":66},"4":{"loc":{"start":{"line":73,"column":16},"end":{"line":73,"column":41}},"type":"if","locations":[{"start":{"line":73,"column":16},"end":{"line":73,"column":41}},{"start":{},"end":{}}],"line":73},"5":{"loc":{"start":{"line":74,"column":16},"end":{"line":77,"column":17}},"type":"if","locations":[{"start":{"line":74,"column":16},"end":{"line":77,"column":17}},{"start":{},"end":{}}],"line":74},"6":{"loc":{"start":{"line":86,"column":24},"end":{"line":86,"column":49}},"type":"if","locations":[{"start":{"line":86,"column":24},"end":{"line":86,"column":49}},{"start":{},"end":{}}],"line":86},"7":{"loc":{"start":{"line":117,"column":12},"end":{"line":119,"column":13}},"type":"if","locations":[{"start":{"line":117,"column":12},"end":{"line":119,"column":13}},{"start":{},"end":{}}],"line":117},"8":{"loc":{"start":{"line":120,"column":12},"end":{"line":123,"column":13}},"type":"if","locations":[{"start":{"line":120,"column":12},"end":{"line":123,"column":13}},{"start":{},"end":{}}],"line":120},"9":{"loc":{"start":{"line":124,"column":12},"end":{"line":126,"column":13}},"type":"if","locations":[{"start":{"line":124,"column":12},"end":{"line":126,"column":13}},{"start":{},"end":{}}],"line":124},"10":{"loc":{"start":{"line":128,"column":12},"end":{"line":133,"column":13}},"type":"if","locations":[{"start":{"line":128,"column":12},"end":{"line":133,"column":13}},{"start":{},"end":{}}],"line":128},"11":{"loc":{"start":{"line":135,"column":12},"end":{"line":144,"column":13}},"type":"if","locations":[{"start":{"line":135,"column":12},"end":{"line":144,"column":13}},{"start":{},"end":{}}],"line":135},"12":{"loc":{"start":{"line":137,"column":20},"end":{"line":137,"column":46}},"type":"if","locations":[{"start":{"line":137,"column":20},"end":{"line":137,"column":46}},{"start":{},"end":{}}],"line":137}},"s":{"0":1,"1":1,"2":1,"3":1,"4":1,"5":1,"6":1,"7":1,"8":1,"9":1,"10":1,"11":1,"12":1,"13":3,"14":3,"15":0,"16":0,"17":0,"18":3,"19":3,"20":0,"21":3,"22":3,"23":0,"24":0,"25":3,"26":3,"27":3,"28":1,"29":2,"30":2,"31":0,"32":0,"33":0,"34":2,"35":2,"36":0,"37":2,"38":0,"39":0,"40":2,"41":2,"42":2,"43":0,"44":2,"45":2,"46":1,"47":1,"48":1,"49":1,"50":1,"51":1,"52":1,"53":1,"54":1,"55":1,"56":0,"57":0,"58":0,"59":1,"60":0,"61":0,"62":0,"63":0,"64":1,"65":1,"66":1,"67":1,"68":1,"69":1},"f":{"0":3,"1":3,"2":3,"3":3,"4":2,"5":2,"6":2,"7":2,"8":1,"9":1,"10":0,"11":1},"b":{"0":[0,3],"1":[0,3],"2":[0,3],"3":[0,2],"4":[0,2],"5":[0,2],"6":[0,2],"7":[1,0],"8":[1,0],"9":[1,0],"10":[0,1],"11":[0,1],"12":[0,0]},"_coverageSchema":"1a1c01bbd47fc00a2c39e90264f33305004495a9","hash":"fed3ebdde8de942b58bdb8a39e8ecd5e41e5404c"}
}
