TN:
SF:main.js
FN:41,(anonymous_0)
FN:42,(anonymous_1)
FN:46,(anonymous_2)
FN:47,(anonymous_3)
FN:51,(anonymous_4)
FN:53,(anonymous_5)
FN:57,(anonymous_6)
FN:61,(anonymous_7)
FN:83,(anonymous_8)
FN:92,(anonymous_9)
FN:101,(anonymous_10)
FN:118,(anonymous_11)
FN:120,(anonymous_12)
FN:124,(anonymous_13)
FN:141,(anonymous_14)
FNF:15
FNH:2
FNDA:0,(anonymous_0)
FNDA:0,(anonymous_1)
FNDA:0,(anonymous_2)
FNDA:0,(anonymous_3)
FNDA:0,(anonymous_4)
FNDA:0,(anonymous_5)
FNDA:0,(anonymous_6)
FNDA:0,(anonymous_7)
FNDA:0,(anonymous_8)
FNDA:0,(anonymous_9)
FNDA:0,(anonymous_10)
FNDA:1,(anonymous_11)
FNDA:1,(anonymous_12)
FNDA:0,(anonymous_13)
FNDA:0,(anonymous_14)
DA:1,1
DA:2,1
DA:3,1
DA:4,1
DA:5,1
DA:6,1
DA:7,1
DA:8,1
DA:9,1
DA:15,1
DA:16,1
DA:17,1
DA:25,1
DA:32,1
DA:34,1
DA:36,1
DA:41,1
DA:42,0
DA:46,1
DA:47,0
DA:51,1
DA:53,0
DA:57,1
DA:61,0
DA:62,0
DA:63,0
DA:83,0
DA:84,0
DA:85,0
DA:92,0
DA:93,0
DA:94,0
DA:101,0
DA:102,0
DA:103,0
DA:104,0
DA:117,1
DA:119,1
DA:120,1
DA:121,1
DA:124,0
DA:128,1
DA:135,1
DA:136,1
DA:137,1
DA:138,1
DA:141,1
DA:142,0
DA:143,0
DA:144,0
DA:147,1
LF:51
LH:31
BRDA:36,0,0,1
BRDA:36,0,1,0
BRDA:42,1,0,0
BRDA:42,1,1,0
BRDA:143,2,0,0
BRDA:143,2,1,0
BRF:6
BRH:1
end_of_record
TN:
SF:controller\chatController.js
FN:5,(anonymous_0)
FN:7,(anonymous_1)
FN:14,(anonymous_2)
FN:24,(anonymous_3)
FN:59,(anonymous_4)
FN:90,(anonymous_5)
FN:107,(anonymous_6)
FN:125,(anonymous_7)
FN:127,(anonymous_8)
FN:148,(anonymous_9)
FN:167,(anonymous_10)
FN:169,(anonymous_11)
FN:191,(anonymous_12)
FN:193,(anonymous_13)
FN:201,(anonymous_14)
FNF:15
FNH:4
FNDA:1,(anonymous_0)
FNDA:1,(anonymous_1)
FNDA:0,(anonymous_2)
FNDA:0,(anonymous_3)
FNDA:1,(anonymous_4)
FNDA:0,(anonymous_5)
FNDA:1,(anonymous_6)
FNDA:0,(anonymous_7)
FNDA:0,(anonymous_8)
FNDA:0,(anonymous_9)
FNDA:0,(anonymous_10)
FNDA:0,(anonymous_11)
FNDA:0,(anonymous_12)
FNDA:0,(anonymous_13)
FNDA:0,(anonymous_14)
DA:1,1
DA:2,1
DA:3,1
DA:5,1
DA:6,1
DA:8,1
DA:15,0
DA:24,1
DA:27,0
DA:30,0
DA:49,0
DA:51,0
DA:59,1
DA:61,1
DA:64,1
DA:65,1
DA:66,1
DA:67,0
DA:75,1
DA:82,0
DA:90,1
DA:92,0
DA:94,0
DA:96,0
DA:99,0
DA:107,1
DA:108,1
DA:110,1
DA:113,1
DA:115,1
DA:120,0
DA:125,1
DA:126,0
DA:128,0
DA:129,0
DA:130,0
DA:131,0
DA:132,0
DA:133,0
DA:134,0
DA:137,0
DA:146,0
DA:149,0
DA:156,0
DA:167,1
DA:168,0
DA:171,0
DA:191,1
DA:192,0
DA:194,0
DA:199,0
DA:202,0
DA:213,1
LF:53
LH:23
BRDA:64,0,0,1
BRDA:64,0,1,1
BRDA:66,1,0,0
BRDA:66,1,1,1
BRDA:113,2,0,1
BRDA:113,2,1,0
BRDA:131,3,0,0
BRDA:131,3,1,0
BRF:8
BRH:4
end_of_record
TN:
SF:controller\messageController.js
FN:10,(anonymous_0)
FN:12,(anonymous_1)
FN:19,(anonymous_2)
FN:29,(anonymous_3)
FN:73,(anonymous_4)
FN:92,(anonymous_5)
FN:94,(anonymous_6)
FN:100,(anonymous_7)
FN:102,(anonymous_8)
FN:103,(anonymous_9)
FNF:10
FNH:4
FNDA:1,(anonymous_0)
FNDA:1,(anonymous_1)
FNDA:0,(anonymous_2)
FNDA:0,(anonymous_3)
FNDA:0,(anonymous_4)
FNDA:1,(anonymous_5)
FNDA:1,(anonymous_6)
FNDA:0,(anonymous_7)
FNDA:0,(anonymous_8)
FNDA:0,(anonymous_9)
DA:1,1
DA:4,1
DA:10,1
DA:11,1
DA:13,1
DA:20,0
DA:29,1
DA:30,0
DA:36,0
DA:37,0
DA:38,0
DA:40,0
DA:50,0
DA:61,0
DA:62,0
DA:63,0
DA:68,0
DA:73,1
DA:75,0
DA:77,0
DA:80,0
DA:83,0
DA:92,1
DA:93,1
DA:95,1
DA:100,1
DA:101,0
DA:103,0
DA:104,0
DA:105,0
DA:113,1
LF:31
LH:12
BRDA:36,0,0,0
BRDA:36,0,1,0
BRDA:62,1,0,0
BRDA:62,1,1,0
BRDA:104,2,0,0
BRDA:104,2,1,0
BRF:6
BRH:0
end_of_record
TN:
SF:controller\userController.js
FN:6,(anonymous_0)
FN:8,(anonymous_1)
FN:10,(anonymous_2)
FN:15,(anonymous_3)
FN:30,(anonymous_4)
FN:37,(anonymous_5)
FN:58,(anonymous_6)
FN:76,(anonymous_7)
FN:79,(anonymous_8)
FN:92,(anonymous_9)
FN:103,(anonymous_10)
FN:123,(anonymous_11)
FN:125,(anonymous_12)
FN:135,(anonymous_13)
FN:137,(anonymous_14)
FNF:15
FNH:3
FNDA:0,(anonymous_0)
FNDA:0,(anonymous_1)
FNDA:0,(anonymous_2)
FNDA:0,(anonymous_3)
FNDA:0,(anonymous_4)
FNDA:0,(anonymous_5)
FNDA:1,(anonymous_6)
FNDA:0,(anonymous_7)
FNDA:0,(anonymous_8)
FNDA:0,(anonymous_9)
FNDA:0,(anonymous_10)
FNDA:1,(anonymous_11)
FNDA:1,(anonymous_12)
FNDA:0,(anonymous_13)
FNDA:0,(anonymous_14)
DA:1,1
DA:2,1
DA:3,1
DA:6,1
DA:7,0
DA:9,0
DA:10,0
DA:15,1
DA:29,0
DA:31,0
DA:37,1
DA:39,0
DA:41,0
DA:42,0
DA:44,0
DA:58,1
DA:59,1
DA:61,1
DA:62,1
DA:66,1
DA:68,0
DA:76,1
DA:78,0
DA:80,0
DA:81,0
DA:83,0
DA:84,0
DA:87,0
DA:88,0
DA:91,0
DA:92,0
DA:93,0
DA:95,0
DA:103,0
DA:104,0
DA:105,0
DA:123,1
DA:124,1
DA:126,1
DA:135,1
DA:136,0
DA:138,0
DA:143,1
LF:43
LH:17
BRDA:80,0,0,0
BRDA:80,0,1,0
BRDA:83,1,0,0
BRDA:83,1,1,0
BRDA:87,2,0,0
BRDA:87,2,1,0
BRDA:91,3,0,0
BRDA:91,3,1,0
BRDA:93,4,0,0
BRDA:93,4,1,0
BRF:10
BRH:0
end_of_record
TN:
SF:middleware\upload.js
FN:5,(anonymous_0)
FN:9,(anonymous_1)
FN:17,(anonymous_2)
FNF:3
FNH:0
FNDA:0,(anonymous_0)
FNDA:0,(anonymous_1)
FNDA:0,(anonymous_2)
DA:1,1
DA:2,1
DA:4,1
DA:6,0
DA:10,0
DA:12,0
DA:17,1
DA:18,0
DA:19,0
DA:21,0
DA:25,1
DA:31,1
LF:12
LH:6
BRDA:18,0,0,0
BRDA:18,0,1,0
BRF:2
BRH:0
end_of_record
TN:
SF:model\Chat.js
FNF:0
FNH:0
DA:1,1
DA:3,1
DA:12,1
LF:3
LH:3
BRF:0
BRH:0
end_of_record
TN:
SF:model\Message.js
FNF:0
FNH:0
DA:1,1
DA:3,1
DA:20,1
LF:3
LH:3
BRF:0
BRH:0
end_of_record
TN:
SF:model\User.js
FNF:0
FNH:0
DA:1,1
DA:3,1
DA:30,1
LF:3
LH:3
BRF:0
BRH:0
end_of_record
TN:
SF:routes\chatRoutes.js
FNF:0
FNH:0
DA:1,1
DA:2,1
DA:3,1
DA:4,1
DA:5,1
DA:6,1
DA:7,1
DA:8,1
DA:9,1
DA:10,1
DA:11,1
DA:14,1
DA:18,1
DA:22,1
DA:25,1
DA:27,1
DA:30,1
DA:33,1
LF:18
LH:18
BRF:0
BRH:0
end_of_record
TN:
SF:routes\messageRoutes.js
FN:22,(anonymous_0)
FN:41,(anonymous_1)
FNF:2
FNH:2
FNDA:1,(anonymous_0)
FNDA:1,(anonymous_1)
DA:1,1
DA:2,1
DA:3,1
DA:4,1
DA:5,1
DA:6,1
DA:7,1
DA:8,1
DA:9,1
DA:10,1
DA:11,1
DA:13,1
DA:19,1
DA:22,1
DA:23,1
DA:26,1
DA:32,1
DA:33,0
DA:34,0
DA:36,0
DA:39,1
DA:41,1
DA:42,1
DA:51,0
DA:59,1
DA:62,1
DA:68,1
LF:27
LH:23
BRDA:32,0,0,0
BRDA:32,0,1,1
BRF:2
BRH:1
end_of_record
TN:
SF:routes\userRoutes.js
FN:21,(anonymous_0)
FN:23,(anonymous_1)
FN:28,(anonymous_2)
FN:50,(anonymous_3)
FN:63,(anonymous_4)
FN:65,(anonymous_5)
FN:72,(anonymous_6)
FN:85,(anonymous_7)
FN:114,(anonymous_8)
FN:116,(anonymous_9)
FN:136,(anonymous_10)
FN:147,(anonymous_11)
FNF:12
FNH:11
FNDA:3,(anonymous_0)
FNDA:3,(anonymous_1)
FNDA:3,(anonymous_2)
FNDA:3,(anonymous_3)
FNDA:2,(anonymous_4)
FNDA:2,(anonymous_5)
FNDA:2,(anonymous_6)
FNDA:2,(anonymous_7)
FNDA:1,(anonymous_8)
FNDA:1,(anonymous_9)
FNDA:0,(anonymous_10)
FNDA:1,(anonymous_11)
DA:1,1
DA:2,1
DA:3,1
DA:4,1
DA:5,1
DA:6,1
DA:7,1
DA:8,1
DA:9,1
DA:10,1
DA:11,1
DA:14,1
DA:21,1
DA:22,3
DA:24,3
DA:25,0
DA:26,0
DA:27,0
DA:28,3
DA:29,3
DA:31,3
DA:41,3
DA:42,0
DA:43,0
DA:46,3
DA:50,3
DA:51,3
DA:63,1
DA:64,2
DA:66,2
DA:67,0
DA:68,0
DA:69,0
DA:72,2
DA:73,2
DA:74,2
DA:75,0
DA:76,0
DA:78,2
DA:83,2
DA:86,2
DA:88,2
DA:90,2
DA:110,1
DA:114,1
DA:115,1
DA:117,1
DA:118,1
DA:120,1
DA:121,1
DA:124,1
DA:125,1
DA:128,1
DA:129,0
DA:130,0
DA:132,0
DA:135,1
DA:136,0
DA:137,0
DA:139,0
DA:147,1
DA:148,1
DA:149,1
DA:164,1
DA:169,1
DA:176,1
LF:66
LH:50
BRDA:24,0,0,0
BRDA:24,0,1,3
BRDA:29,1,0,0
BRDA:29,1,1,3
BRDA:41,2,0,0
BRDA:41,2,1,3
BRDA:66,3,0,0
BRDA:66,3,1,2
BRDA:73,4,0,0
BRDA:73,4,1,2
BRDA:74,5,0,0
BRDA:74,5,1,2
BRDA:86,6,0,0
BRDA:86,6,1,2
BRDA:117,7,0,1
BRDA:117,7,1,0
BRDA:120,8,0,1
BRDA:120,8,1,0
BRDA:124,9,0,1
BRDA:124,9,1,0
BRDA:128,10,0,0
BRDA:128,10,1,1
BRDA:135,11,0,0
BRDA:135,11,1,1
BRDA:137,12,0,0
BRDA:137,12,1,0
BRF:26
BRH:12
end_of_record
